<?xml version="1.0" encoding="UTF-8"?>
<!-- Generated by org.testng.reporters.JUnitReportReporter -->
<testsuite hostname="Naveen" failures="0" tests="1" name="com.bank.qa.testcases.EditAccountPageTest" time="11.693" errors="0" timestamp="2024-03-14T18:38:41 IST" skipped="0">
  <testcase classname="com.bank.qa.testcases.EditAccountPageTest" name="verifyInvalidAccountNumber" time="11.693"/>
</testsuite> <!-- com.bank.qa.testcases.EditAccountPageTest -->
