<?xml version="1.0" encoding="UTF-8"?>
<!-- Generated by org.testng.reporters.JUnitReportReporter -->
<testsuite hostname="Naveen" failures="0" tests="8" name="com.bank.qa.testcases.LoginPageInvalidLoginsTest" time="47.855" errors="0" timestamp="2023-09-05T22:11:53 IST" skipped="0">
  <testcase classname="com.bank.qa.testcases.LoginPageInvalidLoginsTest" name="verifyInvalidLogins" time="5.837"/>
  <testcase classname="com.bank.qa.testcases.LoginPageInvalidLoginsTest" name="verifyInvalidLogins" time="5.969"/>
  <testcase classname="com.bank.qa.testcases.LoginPageInvalidLoginsTest" name="verifyInvalidLogins" time="5.604"/>
  <testcase classname="com.bank.qa.testcases.LoginPageInvalidLoginsTest" name="verifyInvalidLogins" time="6.176"/>
  <testcase classname="com.bank.qa.testcases.LoginPageInvalidLoginsTest" name="verifyInvalidLogins" time="6.400"/>
  <testcase classname="com.bank.qa.testcases.LoginPageInvalidLoginsTest" name="verifyInvalidLogins" time="5.859"/>
  <testcase classname="com.bank.qa.testcases.LoginPageInvalidLoginsTest" name="verifyInvalidLogins" time="5.780"/>
  <testcase classname="com.bank.qa.testcases.LoginPageInvalidLoginsTest" name="verifyInvalidLogins" time="6.230"/>
</testsuite> <!-- com.bank.qa.testcases.LoginPageInvalidLoginsTest -->
