<?xml version="1.0" encoding="UTF-8"?>
<!-- Generated by org.testng.reporters.JUnitReportReporter -->
<testsuite hostname="Naveen" failures="0" tests="1" name="com.bank.qa.testcases.EditAccountPageTest" time="25.346" errors="0" timestamp="2023-09-05T22:11:53 IST" skipped="0">
  <testcase classname="com.bank.qa.testcases.EditAccountPageTest" name="verifyInvalidAccountNumber" time="25.346"/>
</testsuite> <!-- com.bank.qa.testcases.EditAccountPageTest -->
