<?xml version="1.0" encoding="UTF-8"?>
<!-- Generated by org.testng.reporters.JUnitReportReporter -->
<testsuite hostname="Naveen" failures="0" tests="3" name="com.bank.qa.testcases.LoginTest" time="20.194" errors="0" timestamp="2023-09-05T22:11:52 IST" skipped="0">
  <testcase classname="com.bank.qa.testcases.LoginTest" name="loginPageTitleTest" time="5.231"/>
  <testcase classname="com.bank.qa.testcases.LoginTest" name="verifySiteLogo" time="6.180"/>
  <testcase classname="com.bank.qa.testcases.LoginTest" name="verifyLogin" time="8.783"/>
</testsuite> <!-- com.bank.qa.testcases.LoginTest -->
