<?xml version="1.0" encoding="UTF-8"?>
<!-- Generated by org.testng.reporters.JUnitReportReporter -->
<testsuite hostname="Naveen" failures="0" tests="3" name="com.bank.qa.testcases.LoginTest" time="18.181" errors="0" timestamp="2024-03-20T15:11:57 IST" skipped="0">
  <testcase classname="com.bank.qa.testcases.LoginTest" name="loginPageTitleTest" time="5.454"/>
  <testcase classname="com.bank.qa.testcases.LoginTest" name="verifySiteLogo" time="5.452"/>
  <testcase classname="com.bank.qa.testcases.LoginTest" name="verifyLogin" time="7.275"/>
</testsuite> <!-- com.bank.qa.testcases.LoginTest -->
