<?xml version="1.0" encoding="UTF-8"?>
<!-- Generated by org.testng.reporters.JUnitReportReporter -->
<testsuite hostname="Naveen" failures="0" tests="8" name="com.bank.qa.testcases.LoginPageInvalidLoginsTest" time="88.691" errors="0" timestamp="2023-10-29T00:38:32 IST" skipped="0">
  <testcase classname="com.bank.qa.testcases.LoginPageInvalidLoginsTest" name="verifyInvalidLogins" time="6.172"/>
  <testcase classname="com.bank.qa.testcases.LoginPageInvalidLoginsTest" name="verifyInvalidLogins" time="47.998"/>
  <testcase classname="com.bank.qa.testcases.LoginPageInvalidLoginsTest" name="verifyInvalidLogins" time="6.272"/>
  <testcase classname="com.bank.qa.testcases.LoginPageInvalidLoginsTest" name="verifyInvalidLogins" time="5.547"/>
  <testcase classname="com.bank.qa.testcases.LoginPageInvalidLoginsTest" name="verifyInvalidLogins" time="5.561"/>
  <testcase classname="com.bank.qa.testcases.LoginPageInvalidLoginsTest" name="verifyInvalidLogins" time="5.803"/>
  <testcase classname="com.bank.qa.testcases.LoginPageInvalidLoginsTest" name="verifyInvalidLogins" time="6.369"/>
  <testcase classname="com.bank.qa.testcases.LoginPageInvalidLoginsTest" name="verifyInvalidLogins" time="4.969"/>
</testsuite> <!-- com.bank.qa.testcases.LoginPageInvalidLoginsTest -->
